<?xml version="1.0" encoding="utf-8"?><testsuites name="pytest tests"><testsuite name="pytest" errors="0" failures="0" skipped="0" tests="7" time="1.707" timestamp="2026-05-08T13:48:05.293729+00:00" hostname="agent-env-bc7b781a-b3ab-40de-a9ef-2e582abb470c"><testcase classname="backend.tests.test_prumo_api" name="test_health_ok" time="0.170" /><testcase classname="backend.tests.test_prumo_api" name="test_quote_create_and_listed" time="0.302" /><testcase classname="backend.tests.test_prumo_api" name="test_quote_create_no_empresa" time="0.180" /><testcase classname="backend.tests.test_prumo_api" name="test_quote_invalid_email_returns_422" time="0.142" /><testcase classname="backend.tests.test_prumo_api" name="test_quote_missing_nome_returns_422" time="0.207" /><testcase classname="backend.tests.test_prumo_api" name="test_quote_empty_nome_returns_422" time="0.143" /><testcase classname="backend.tests.test_prumo_api" name="test_quote_empty_mensagem_returns_422" time="0.163" /></testsuite></testsuites>